SF:lib/l10n/app_localizations.dart
DA:6,8
DA:8,5
DA:9,5
DA:12,18
DA:13,6
DA:108,6
DA:109,6
DA:115,6
DA:125,6
DA:131,6
DA:140,6
DA:147,6
DA:159,6
DA:165,6
DA:169,6
DA:265,6
DA:266,6
DA:272,6
DA:282,6
DA:288,6
DA:297,6
DA:304,6
DA:316,6
DA:322,6
DA:326,6
DA:422,6
DA:423,6
DA:429,6
DA:439,6
DA:445,6
DA:454,6
DA:461,6
DA:473,6
DA:479,6
DA:483,6
DA:579,6
DA:580,6
DA:586,6
DA:596,6
DA:602,6
DA:611,6
DA:618,6
DA:630,6
DA:636,6
DA:640,6
DA:737,6
DA:738,6
DA:744,6
DA:754,6
DA:760,6
DA:769,6
DA:776,6
DA:788,6
DA:794,6
DA:800,6
DA:801,30
DA:803,2
DA:804,4
DA:805,2
DA:806,2
DA:807,2
DA:808,4
DA:809,2
DA:810,2
DA:811,2
DA:812,2
DA:814,2
DA:815,2
DA:816,2
DA:817,2
DA:818,2
DA:819,2
DA:820,2
DA:821,2
DA:822,2
DA:823,2
DA:824,2
DA:825,2
DA:826,2
DA:827,8
DA:828,8
DA:829,8
DA:830,8
DA:831,8
DA:832,6
DA:833,4
DA:834,2
DA:835,2
DA:836,2
DA:837,2
DA:838,2
DA:839,2
DA:840,1
DA:841,1
DA:842,1
DA:843,1
DA:844,1
DA:845,1
DA:846,2
DA:847,3
DA:848,3
DA:849,6
DA:853,2
DA:854,4
DA:855,4
DA:856,2
DA:857,6
DA:858,6
DA:859,6
DA:860,6
DA:861,6
DA:862,6
DA:863,3
DA:864,3
DA:865,4
DA:866,2
DA:867,2
DA:868,2
DA:869,2
DA:870,4
DA:874,2
DA:875,2
DA:876,4
DA:880,2
DA:881,2
DA:882,4
DA:886,4
DA:890,2
DA:891,2
DA:892,4
DA:896,2
DA:897,2
DA:898,4
DA:902,2
DA:903,2
DA:904,4
DA:908,4
DA:909,4
DA:910,4
DA:911,4
DA:913,2
DA:915,10
DA:916,1
DA:917,6
DA:920,2
DA:921,2
DA:922,2
DA:923,2
DA:924,4
DA:925,4
DA:927,1
DA:928,3
DA:930,4
DA:931,4
DA:932,12
DA:933,12
DA:935,4
DA:936,12
DA:938,1
DA:939,5
DA:940,3
DA:942,1
DA:943,5
DA:944,3
DA:946,1
DA:948,1
DA:949,1
DA:950,1
DA:951,1
DA:952,1
DA:953,1
DA:961,5
DA:963,8
DA:965,24
DA:968,8
DA:970,8
DA:973,2
LF:177
LH:177
end_of_record
SF:lib/core/ui/app_builder.dart
DA:17,1
DA:18,1
DA:19,2
LF:3
LH:3
end_of_record
SF:lib/core/locale/locale_config.dart
DA:32,1
DA:36,1
DA:39,2
DA:40,1
DA:41,4
DA:43,2
LF:6
LH:6
end_of_record
SF:lib/core/di/app_dependencies.dart
DA:11,3
DA:20,2
DA:22,6
DA:31,3
DA:33,3
DA:34,3
DA:38,1
LF:7
LH:7
end_of_record
SF:lib/core/services/sound_service.dart
DA:5,8
LF:1
LH:1
end_of_record
SF:lib/features/desktop/presentation/viewmodels/desktop_viewmodel.dart
DA:13,3
DA:15,3
DA:24,1
DA:25,2
DA:32,6
DA:34,4
DA:35,4
DA:38,2
DA:47,10
DA:48,2
DA:49,2
DA:50,6
DA:52,2
DA:53,6
DA:56,4
DA:57,4
DA:58,2
DA:69,8
DA:70,2
DA:73,2
DA:74,10
DA:75,8
DA:76,2
DA:79,2
DA:80,10
DA:81,12
DA:82,4
DA:83,4
DA:84,8
DA:85,2
DA:90,4
DA:93,1
DA:94,2
DA:96,4
DA:100,2
DA:101,6
DA:103,2
DA:104,4
DA:105,6
DA:106,2
DA:111,1
DA:115,1
DA:117,2
DA:118,1
DA:120,1
DA:123,1
DA:125,1
DA:130,1
DA:133,2
DA:134,4
DA:135,1
DA:138,2
DA:139,1
DA:140,1
DA:144,1
DA:145,2
DA:146,4
DA:147,1
DA:150,2
DA:151,1
DA:152,1
DA:158,2
DA:159,2
DA:161,4
DA:165,1
DA:166,1
DA:167,2
DA:168,1
DA:171,1
DA:172,1
DA:173,1
DA:174,2
DA:175,1
DA:180,2
DA:182,4
DA:184,1
DA:185,1
DA:186,2
DA:187,1
DA:190,1
DA:191,1
DA:192,1
DA:193,2
DA:194,1
DA:201,2
DA:202,2
DA:203,2
DA:205,1
DA:206,1
DA:207,1
DA:208,1
DA:211,1
DA:212,1
DA:213,1
DA:216,1
DA:217,1
DA:218,1
DA:219,1
DA:222,2
DA:224,4
DA:225,4
DA:226,4
DA:227,4
DA:228,4
DA:229,2
LF:105
LH:105
end_of_record
SF:lib/features/guestbook/presentation/viewmodels/guestbook_viewmodel.dart
DA:26,6
DA:29,8
DA:32,8
DA:35,8
DA:38,8
DA:41,4
DA:47,5
DA:54,5
DA:56,15
DA:57,5
DA:60,1
DA:61,1
DA:62,1
DA:63,1
DA:66,1
DA:67,1
DA:68,1
DA:69,2
DA:70,1
DA:71,1
DA:74,5
DA:75,20
DA:76,4
DA:77,4
DA:79,4
DA:80,2
DA:81,2
DA:82,6
DA:83,8
DA:86,4
DA:87,3
DA:88,1
DA:90,3
DA:93,1
DA:99,4
DA:100,4
DA:101,4
DA:103,2
DA:104,2
DA:105,4
DA:106,2
DA:111,2
DA:112,2
DA:113,2
DA:114,2
DA:115,2
DA:117,4
DA:118,4
DA:119,4
DA:120,2
DA:121,2
DA:125,6
DA:126,4
DA:127,4
DA:128,2
DA:129,2
DA:134,2
DA:135,2
DA:136,2
DA:137,2
DA:139,1
DA:140,1
DA:144,1
DA:145,2
DA:146,1
DA:147,2
DA:149,2
DA:153,2
DA:155,2
DA:156,2
DA:160,2
DA:161,2
DA:162,4
DA:165,2
DA:166,2
DA:167,4
DA:168,2
DA:171,3
DA:173,6
DA:174,3
DA:175,3
LF:81
LH:81
end_of_record
SF:lib/features/localization/presentation/viewmodels/locale_viewmodel.dart
DA:7,2
DA:8,9
DA:9,6
DA:11,1
DA:14,4
DA:15,2
DA:16,1
DA:19,3
DA:20,6
DA:21,3
DA:22,3
DA:25,9
LF:12
LH:12
end_of_record
SF:lib/core/errors/app_failure.dart
DA:2,4
DA:7,2
DA:11,1
DA:15,2
DA:19,3
LF:5
LH:5
end_of_record
SF:lib/core/result/result.dart
DA:4,3
DA:6,2
DA:7,2
DA:9,1
DA:14,3
DA:15,3
DA:21,2
DA:26,3
LF:8
LH:8
end_of_record
SF:lib/core/services/sound_service_stub.dart
DA:6,2
DA:7,2
DA:9,2
DA:11,4
DA:14,2
DA:17,2
DA:20,2
DA:23,1
DA:26,1
DA:30,8
LF:10
LH:10
end_of_record
SF:lib/core/services/web_notification_service.dart
DA:5,8
LF:1
LH:1
end_of_record
SF:lib/core/services/web_notification_service_stub.dart
DA:4,1
DA:7,2
DA:16,8
LF:3
LH:3
end_of_record
SF:lib/features/desktop/domain/models/desktop_notification.dart
DA:10,3
LF:1
LH:1
end_of_record
SF:lib/features/guestbook/data/repositories/guestbook_repository.dart
DA:7,1
DA:11,1
DA:12,1
DA:13,1
DA:14,1
DA:15,1
DA:16,1
DA:17,1
DA:18,1
DA:19,1
DA:20,1
DA:21,4
DA:23,1
DA:27,1
DA:28,4
DA:29,1
DA:30,1
DA:32,1
DA:36,1
DA:37,4
LF:20
LH:20
end_of_record
SF:lib/features/guestbook/domain/models/guestbook_message.dart
DA:10,6
DA:18,2
DA:22,2
DA:24,2
DA:25,2
DA:26,2
DA:27,5
DA:31,1
DA:32,1
DA:33,1
DA:34,1
DA:35,1
DA:36,2
LF:13
LH:13
end_of_record
SF:lib/features/guestbook/domain/usecases/check_post_cooldown_usecase.dart
DA:12,6
DA:19,3
DA:22,6
DA:23,6
DA:25,6
LF:5
LH:5
end_of_record
SF:lib/features/guestbook/domain/usecases/validate_guestbook_entry_usecase.dart
DA:9,3
DA:14,3
DA:15,6
DA:18,6
DA:21,6
LF:5
LH:5
end_of_record
SF:lib/theme/app_theme.dart
DA:20,1
DA:21,1
DA:27,1
DA:28,1
DA:30,2
LF:5
LH:5
end_of_record
SF:lib/features/localization/domain/app_locale.dart
DA:15,9
DA:17,3
DA:18,3
DA:19,9
DA:20,1
LF:5
LH:5
end_of_record
SF:lib/core/shortcuts/app_intents.dart
DA:6,2
DA:12,2
DA:19,2
LF:3
LH:3
end_of_record
SF:lib/core/shortcuts/app_actions.dart
DA:15,1
DA:18,1
DA:19,1
DA:20,1
DA:21,1
DA:28,1
DA:33,1
DA:35,2
DA:36,2
DA:38,2
DA:39,3
DA:45,1
DA:50,1
DA:51,3
DA:53,1
DA:55,3
DA:56,4
DA:57,3
DA:58,2
DA:63,1
DA:67,1
DA:69,6
DA:71,1
DA:73,2
DA:74,2
DA:75,2
DA:76,2
DA:77,2
DA:78,2
LF:29
LH:29
end_of_record
SF:lib/core/services/firebase_analytics_service.dart
DA:6,1
DA:10,1
DA:11,2
DA:13,1
DA:16,1
DA:17,2
DA:19,1
DA:22,1
DA:24,2
DA:26,1
DA:29,1
DA:31,2
DA:33,1
DA:34,2
DA:36,1
DA:39,1
DA:41,2
DA:43,1
DA:49,1
DA:51,2
DA:53,1
DA:54,2
DA:56,1
DA:59,1
DA:61,2
DA:63,1
DA:64,2
DA:66,1
DA:69,1
DA:70,2
DA:72,1
DA:75,1
DA:80,2
DA:82,1
DA:83,2
DA:84,2
DA:85,2
DA:89,1
DA:95,2
DA:97,1
DA:98,1
DA:99,1
DA:100,1
DA:101,1
DA:105,1
DA:110,2
DA:112,1
DA:119,1
DA:123,2
DA:125,1
DA:128,1
DA:129,2
DA:131,1
DA:134,1
DA:135,3
LF:55
LH:55
end_of_record
SF:lib/features/visitors/presentation/viewmodels/visitor_viewmodel.dart
DA:6,1
DA:12,2
DA:14,1
DA:15,2
DA:16,5
DA:17,1
DA:18,1
DA:22,1
DA:24,2
DA:25,1
LF:10
LH:10
end_of_record
SF:lib/features/visitors/data/datasources/visitor_datasource.dart
DA:11,1
DA:29,1
DA:32,1
DA:35,1
DA:36,1
DA:41,1
DA:42,1
DA:46,1
DA:47,6
DA:48,1
DA:49,1
DA:50,1
DA:51,1
DA:56,3
DA:57,3
DA:61,1
DA:62,6
DA:65,2
DA:66,3
LF:19
LH:19
end_of_record
SF:lib/shared/utils/renderer_detector.dart
DA:5,2
DA:7,4
DA:9,4
DA:11,4
DA:13,4
DA:15,4
DA:17,4
DA:19,4
LF:8
LH:8
end_of_record
SF:lib/shared/utils/renderer_detector_stub.dart
DA:1,1
DA:2,2
DA:3,2
DA:4,2
DA:5,2
DA:6,2
DA:7,2
DA:8,2
LF:8
LH:8
end_of_record
SF:lib/shared/widgets/fractal_explorer_content.dart
DA:12,1
DA:18,1
DA:19,1
DA:26,2
DA:35,8
DA:36,10
DA:37,2
DA:38,2
DA:39,6
DA:41,4
DA:42,4
DA:43,2
DA:44,8
DA:45,2
DA:46,2
DA:47,8
DA:59,2
DA:145,3
DA:151,1
DA:153,1
DA:154,4
DA:155,3
DA:156,1
DA:159,1
DA:161,2
DA:163,3
DA:166,1
DA:167,3
DA:168,2
DA:169,1
DA:171,1
DA:176,1
DA:177,1
DA:179,1
DA:180,3
DA:181,3
DA:183,1
DA:184,2
DA:187,1
DA:188,2
DA:192,1
DA:193,1
DA:194,2
DA:195,2
DA:199,1
DA:200,4
DA:203,3
DA:204,1
DA:206,3
DA:208,1
DA:211,6
DA:214,1
DA:216,2
DA:218,1
DA:221,1
DA:224,1
DA:227,2
DA:228,1
DA:229,1
DA:230,1
DA:233,1
DA:234,2
DA:235,1
DA:238,1
DA:242,1
DA:245,1
DA:246,2
DA:247,2
DA:250,1
DA:251,1
DA:252,1
DA:253,1
DA:254,2
DA:255,2
DA:256,2
DA:257,1
DA:259,2
DA:260,1
DA:263,3
DA:264,6
DA:265,1
DA:266,2
DA:272,1
DA:273,1
DA:274,2
DA:276,2
DA:280,1
DA:281,1
DA:286,1
DA:289,1
DA:290,1
DA:291,1
DA:296,2
DA:297,1
DA:298,2
DA:299,1
DA:301,3
DA:303,1
DA:306,2
DA:307,1
DA:308,1
DA:312,1
DA:314,1
DA:317,6
DA:318,6
DA:321,3
DA:322,4
DA:323,3
DA:325,2
DA:326,2
DA:327,2
DA:328,2
DA:332,1
DA:335,1
DA:336,1
DA:337,2
DA:338,1
DA:339,4
DA:340,1
DA:342,1
DA:344,1
DA:347,1
DA:348,2
DA:349,5
DA:351,1
DA:354,1
DA:356,2
DA:357,3
DA:358,2
DA:359,1
DA:362,1
DA:364,1
DA:370,2
DA:371,1
DA:372,1
DA:373,2
DA:374,2
DA:375,2
DA:376,2
DA:379,1
DA:380,1
DA:381,1
DA:382,2
DA:383,1
DA:384,1
DA:387,1
DA:388,1
DA:389,1
DA:390,2
DA:396,1
DA:399,1
DA:400,1
DA:401,1
DA:402,1
DA:409,1
DA:410,1
DA:419,1
DA:422,1
DA:423,1
DA:424,1
DA:438,1
DA:439,1
DA:442,1
DA:443,1
DA:448,1
DA:450,1
DA:452,1
DA:454,1
DA:461,1
DA:462,3
DA:481,1
DA:482,1
DA:489,1
DA:491,2
DA:495,4
DA:496,1
DA:498,5
DA:499,1
DA:500,1
DA:504,1
DA:506,3
LF:181
LH:181
end_of_record
SF:lib/core/services/wasm_engine_service.dart
DA:6,2
LF:1
LH:1
end_of_record
SF:lib/core/services/wasm_engine_service_stub.dart
DA:6,1
DA:9,1
DA:12,1
DA:26,1
DA:27,1
DA:30,2
LF:6
LH:6
end_of_record
SF:lib/shared/mappers/experience_mapper.dart
DA:14,2
DA:15,4
DA:16,2
DA:17,2
DA:18,2
DA:19,2
DA:20,2
DA:22,5
DA:24,2
DA:28,2
DA:29,2
DA:30,2
DA:31,2
DA:36,1
DA:37,1
DA:38,1
DA:39,1
DA:40,2
DA:44,1
DA:45,1
DA:46,1
DA:47,1
DA:52,2
DA:53,6
LF:24
LH:24
end_of_record
SF:lib/shared/models/experience.dart
DA:2,3
LF:1
LH:1
end_of_record
SF:lib/shared/widgets/sticky_note.dart
DA:7,1
DA:18,1
DA:19,1
DA:25,1
DA:27,1
DA:28,4
DA:31,1
DA:33,2
DA:34,1
DA:37,1
DA:39,1
DA:40,1
DA:42,1
DA:43,3
DA:44,1
DA:45,1
DA:46,1
DA:47,4
DA:49,1
DA:50,2
DA:51,1
DA:52,2
DA:53,1
DA:67,1
DA:78,1
DA:79,1
DA:85,1
DA:87,1
DA:88,4
DA:91,1
DA:93,2
DA:94,1
DA:97,1
DA:99,1
DA:100,1
DA:102,1
DA:103,3
DA:104,1
DA:105,1
DA:106,1
DA:107,4
DA:109,1
DA:110,2
DA:111,1
DA:113,1
DA:124,1
DA:125,1
DA:126,1
DA:127,3
DA:128,1
DA:145,1
DA:150,1
DA:152,1
DA:156,1
DA:157,1
DA:158,1
DA:159,1
DA:160,1
DA:169,1
DA:171,1
DA:172,1
DA:174,1
DA:177,2
LF:63
LH:63
end_of_record
SF:lib/shared/widgets/desktop_context_menu.dart
DA:13,1
DA:24,1
DA:26,1
DA:27,1
DA:29,1
DA:30,1
DA:31,1
DA:32,1
DA:37,1
DA:38,2
DA:39,2
DA:40,2
DA:48,1
DA:51,1
DA:53,1
DA:56,1
DA:58,1
DA:59,1
DA:60,1
DA:61,1
DA:62,1
DA:68,1
DA:70,1
DA:71,1
DA:75,1
DA:77,1
DA:81,1
DA:84,1
DA:88,1
DA:90,1
DA:94,1
DA:103,1
DA:115,1
DA:116,1
DA:122,1
DA:124,1
DA:125,4
DA:126,4
DA:127,1
DA:128,6
DA:129,1
DA:135,1
DA:136,1
DA:138,1
DA:139,1
DA:140,1
DA:141,3
DA:144,1
DA:145,1
DA:146,2
DA:147,1
DA:163,1
DA:165,1
DA:167,1
DA:169,1
LF:55
LH:55
end_of_record
SF:lib/shared/widgets/snake_game_content.dart
DA:20,1
DA:21,4
DA:22,3
DA:23,4
DA:24,3
DA:28,1
DA:47,1
DA:52,2
DA:53,2
DA:64,2
DA:66,2
DA:67,11
DA:68,4
DA:78,6
DA:79,4
DA:83,2
DA:85,3
DA:86,4
DA:87,4
DA:88,2
DA:91,1
DA:92,1
DA:93,2
DA:94,1
DA:96,1
DA:97,1
DA:99,1
DA:100,1
DA:101,1
DA:102,3
DA:105,1
DA:110,3
DA:114,1
DA:117,4
DA:118,1
DA:122,1
DA:123,2
DA:124,1
DA:125,2
DA:126,4
DA:128,2
DA:129,2
DA:130,3
DA:131,1
DA:132,1
DA:133,1
DA:134,1
DA:141,2
DA:142,2
DA:143,1
DA:145,7
DA:148,3
DA:149,1
DA:150,3
DA:153,2
DA:154,3
DA:160,1
DA:161,1
DA:162,1
DA:163,1
DA:164,1
DA:165,3
DA:167,1
DA:168,1
DA:169,3
DA:171,1
DA:172,1
DA:173,3
DA:175,1
DA:176,1
DA:177,3
DA:179,1
DA:180,1
DA:181,2
DA:182,3
DA:189,2
DA:191,2
DA:192,2
DA:194,2
DA:195,2
DA:197,1
DA:198,2
DA:199,2
DA:200,2
DA:202,1
DA:203,2
DA:204,3
DA:205,1
DA:207,2
DA:208,1
DA:211,1
DA:212,2
DA:213,2
DA:214,1
DA:216,2
DA:217,1
DA:220,2
DA:223,2
DA:224,2
DA:226,2
DA:227,2
DA:229,4
DA:233,2
DA:235,2
DA:236,2
DA:237,4
DA:238,2
DA:243,2
DA:244,2
DA:245,2
DA:248,4
DA:251,2
DA:262,2
DA:263,2
DA:264,2
DA:265,2
DA:266,2
DA:267,2
DA:268,2
DA:269,2
DA:270,2
DA:271,2
DA:276,2
DA:277,2
DA:278,2
DA:279,6
DA:282,2
DA:283,4
DA:285,4
DA:292,2
DA:293,2
DA:295,2
DA:296,2
DA:297,1
DA:301,1
DA:302,1
DA:303,1
DA:304,2
DA:305,1
DA:311,1
DA:312,1
DA:313,1
DA:315,1
DA:327,4
DA:328,4
DA:336,1
DA:337,2
DA:338,3
DA:340,1
DA:341,1
DA:342,1
DA:343,1
DA:345,2
DA:346,1
DA:352,2
DA:357,2
DA:359,2
DA:361,2
DA:362,2
DA:363,2
DA:364,2
DA:365,2
DA:366,2
DA:367,2
DA:370,2
DA:371,2
DA:372,2
DA:374,6
DA:382,2
DA:386,2
DA:388,2
DA:390,2
DA:392,2
DA:393,2
DA:395,3
DA:398,2
DA:400,2
DA:401,2
DA:403,3
DA:405,2
DA:409,2
DA:412,2
DA:414,2
DA:415,2
DA:425,2
DA:427,3
DA:432,2
DA:434,3
DA:443,2
DA:446,2
DA:448,2
DA:449,2
DA:450,2
DA:452,2
DA:453,2
DA:455,2
DA:456,2
DA:458,2
DA:464,2
DA:466,2
DA:472,2
DA:474,2
DA:488,4
DA:499,1
DA:501,2
DA:502,5
DA:503,1
DA:504,1
DA:505,3
DA:506,3
DA:509,2
DA:510,1
DA:511,3
DA:512,4
DA:513,1
DA:516,2
DA:517,1
DA:518,3
DA:519,4
DA:520,1
DA:525,2
DA:526,1
DA:527,1
DA:528,1
DA:529,4
DA:530,4
DA:531,1
DA:532,1
DA:536,1
DA:540,1
DA:541,1
DA:542,5
DA:543,2
DA:544,3
DA:545,1
DA:546,1
DA:547,1
DA:548,3
DA:549,3
DA:550,1
DA:551,1
DA:553,2
DA:555,1
DA:560,1
LF:244
LH:244
end_of_record
SF:lib/shared/widgets/lava_key.dart
DA:21,4
DA:66,4
DA:67,4
DA:88,4
DA:90,4
DA:91,4
DA:94,4
DA:96,7
DA:97,4
DA:100,4
DA:102,4
DA:103,8
DA:104,8
DA:109,3
DA:110,3
DA:111,9
DA:112,9
DA:115,1
DA:116,1
DA:120,3
DA:127,14
DA:129,1
DA:130,3
DA:134,12
DA:136,3
DA:137,3
DA:138,3
DA:140,3
DA:141,3
DA:142,3
DA:143,3
DA:144,6
DA:151,4
DA:153,24
DA:154,12
DA:158,16
DA:159,4
DA:160,4
DA:164,4
DA:166,4
DA:173,4
DA:175,4
DA:177,12
DA:181,3
DA:184,4
DA:185,4
DA:187,4
DA:189,4
DA:190,4
DA:197,4
DA:199,4
DA:200,4
DA:201,4
DA:202,4
DA:203,4
DA:205,4
DA:214,4
DA:217,4
DA:218,8
DA:220,4
DA:221,4
DA:222,4
DA:225,8
DA:226,6
DA:227,6
DA:228,2
DA:229,4
DA:230,8
DA:231,12
DA:232,4
DA:233,4
DA:234,4
DA:235,4
DA:242,8
DA:244,4
DA:251,4
DA:255,8
LF:77
LH:77
end_of_record
SF:lib/shared/widgets/lava_restart_button.dart
DA:14,4
DA:44,4
DA:45,4
DA:58,4
DA:60,4
DA:61,8
DA:64,4
DA:66,8
DA:67,4
DA:70,3
DA:71,9
DA:72,5
DA:75,2
DA:76,2
DA:77,2
DA:80,4
DA:81,4
DA:82,4
DA:84,4
DA:86,8
DA:90,4
DA:92,4
DA:94,4
DA:95,4
DA:96,4
DA:98,8
DA:99,8
DA:100,8
DA:101,6
LF:29
LH:29
end_of_record
SF:lib/features/guestbook/presentation/widgets/guestbook_content.dart
DA:13,3
DA:15,3
DA:16,3
DA:24,3
DA:26,6
DA:27,6
DA:28,6
DA:29,3
DA:32,1
DA:33,2
DA:35,3
DA:36,2
DA:37,2
DA:38,2
DA:41,1
DA:43,3
DA:44,3
DA:46,2
DA:47,2
DA:49,3
DA:50,2
DA:52,3
DA:53,2
DA:54,2
DA:55,2
DA:56,3
DA:57,1
DA:58,2
DA:65,3
DA:67,3
DA:68,3
DA:69,6
DA:70,3
DA:71,3
DA:73,3
DA:74,3
DA:76,3
DA:79,3
DA:80,3
DA:81,3
DA:82,3
DA:83,3
DA:88,3
DA:89,3
DA:90,3
DA:94,3
DA:96,3
DA:97,3
DA:98,3
DA:99,3
DA:106,3
DA:107,3
DA:108,3
DA:118,3
DA:121,3
DA:123,3
DA:124,3
DA:125,3
DA:126,3
DA:133,3
DA:134,3
DA:135,3
DA:136,3
DA:140,3
DA:143,3
DA:144,3
DA:145,3
DA:146,3
DA:151,3
DA:154,3
DA:155,3
DA:156,3
DA:157,3
DA:159,6
DA:161,3
DA:162,3
DA:163,3
DA:164,3
DA:168,6
DA:169,3
DA:170,6
DA:171,3
DA:172,3
DA:178,4
DA:185,3
DA:187,12
DA:188,3
DA:192,9
DA:200,3
DA:201,3
DA:202,3
DA:215,3
DA:217,9
DA:219,9
DA:220,4
DA:221,1
DA:222,1
DA:224,1
DA:226,1
DA:227,1
DA:228,3
DA:229,1
DA:235,1
DA:236,3
DA:241,1
DA:242,1
DA:243,1
DA:252,12
DA:253,2
DA:254,2
DA:255,2
DA:256,2
DA:261,3
DA:263,12
DA:267,2
DA:269,3
DA:270,12
DA:271,3
DA:273,9
DA:275,5
DA:293,3
DA:299,3
DA:301,3
DA:302,3
DA:304,3
DA:306,3
DA:307,3
DA:309,3
DA:311,3
DA:312,3
DA:313,3
DA:314,3
DA:315,6
DA:316,3
DA:322,3
DA:323,9
DA:324,3
DA:325,3
DA:327,6
DA:328,3
DA:329,9
DA:337,4
DA:339,1
DA:340,1
DA:341,1
DA:345,1
DA:352,3
DA:353,6
DA:354,3
DA:357,3
DA:358,54
DA:359,3
LF:152
LH:152
end_of_record
SF:lib/shared/constants/lava_format_stats.dart
DA:8,1
LF:1
LH:1
end_of_record
SF:lib/shared/widgets/about_window_content.dart
DA:9,1
DA:14,1
DA:16,1
DA:17,1
DA:19,1
DA:21,1
DA:22,1
DA:24,1
DA:31,1
DA:32,1
DA:33,1
DA:40,1
DA:42,1
DA:51,1
DA:52,1
DA:53,1
DA:60,1
DA:62,1
DA:68,1
DA:70,1
DA:76,1
DA:78,1
DA:85,1
DA:87,1
DA:93,1
DA:95,1
DA:101,1
DA:103,1
LF:28
LH:28
end_of_record
SF:lib/shared/widgets/calculator_content.dart
DA:8,1
DA:10,2
DA:11,2
DA:20,2
DA:22,4
DA:23,2
DA:26,1
DA:27,2
DA:28,1
DA:29,1
DA:30,1
DA:31,1
DA:32,2
DA:33,4
DA:34,2
DA:35,1
DA:36,1
DA:37,1
DA:38,1
DA:40,5
DA:41,5
DA:42,5
DA:43,5
DA:44,1
DA:45,3
DA:47,1
DA:48,1
DA:49,2
DA:51,2
DA:52,1
DA:53,2
DA:55,3
DA:60,2
DA:62,2
DA:65,2
DA:66,2
DA:68,2
DA:69,2
DA:71,4
DA:72,2
DA:75,2
DA:77,2
DA:79,2
DA:81,2
DA:91,2
DA:92,2
DA:93,2
DA:94,2
DA:95,2
DA:96,2
DA:97,2
DA:98,4
DA:99,4
DA:100,4
DA:101,2
DA:103,2
DA:104,2
DA:109,2
DA:110,2
DA:111,2
DA:112,4
DA:113,4
DA:114,4
DA:115,2
DA:117,2
DA:118,2
DA:123,2
DA:124,2
DA:125,2
DA:126,4
DA:127,4
DA:128,4
DA:129,2
DA:131,2
DA:132,2
DA:137,2
DA:138,2
DA:139,2
DA:140,2
DA:142,2
DA:143,2
DA:145,4
DA:146,2
DA:148,2
DA:149,2
DA:151,2
DA:153,2
DA:154,2
DA:170,2
DA:180,2
DA:182,2
DA:183,2
DA:185,2
DA:186,4
DA:187,2
DA:188,2
DA:189,2
DA:190,2
DA:191,2
DA:194,2
DA:195,2
DA:196,2
LF:102
LH:102
end_of_record
SF:lib/shared/widgets/experience_window_content.dart
DA:10,2
DA:19,2
DA:21,2
DA:22,2
DA:24,2
DA:26,2
DA:27,2
DA:28,4
DA:29,2
DA:31,2
DA:36,2
DA:37,4
DA:38,2
DA:44,2
DA:45,6
DA:46,2
DA:55,2
DA:56,4
DA:57,2
DA:64,2
DA:66,2
DA:72,2
DA:76,8
DA:77,2
DA:82,2
DA:83,2
DA:84,2
DA:88,2
DA:90,2
DA:96,2
LF:30
LH:30
end_of_record
SF:lib/shared/widgets/lava_play_pause_button.dart
DA:21,4
DA:83,4
DA:84,4
DA:113,4
DA:115,4
DA:116,8
DA:117,4
DA:120,4
DA:122,4
DA:123,8
DA:124,8
DA:125,1
DA:126,1
DA:129,3
DA:131,3
DA:134,15
DA:137,4
DA:139,8
DA:140,7
DA:141,4
DA:144,4
DA:146,4
DA:148,8
DA:153,3
DA:154,3
DA:155,9
DA:156,3
DA:159,1
DA:160,1
DA:164,1
DA:171,14
DA:175,3
DA:176,3
DA:177,9
DA:178,3
DA:181,2
DA:182,2
DA:183,2
DA:187,3
DA:188,3
DA:189,2
DA:190,1
DA:195,4
DA:196,2
DA:197,4
DA:198,2
DA:199,2
DA:201,2
DA:202,2
DA:212,3
DA:214,6
DA:215,6
DA:221,6
DA:222,6
DA:225,1
DA:226,3
DA:230,12
DA:232,4
DA:233,4
DA:240,4
DA:241,8
DA:242,4
DA:248,3
DA:249,3
DA:250,3
DA:252,3
DA:253,3
DA:254,3
DA:255,3
DA:256,3
DA:263,4
DA:265,24
DA:266,12
DA:270,16
DA:271,4
DA:272,22
DA:275,4
DA:276,4
DA:278,4
DA:285,8
DA:287,3
DA:290,4
DA:291,4
DA:293,4
DA:295,4
DA:296,4
DA:303,4
DA:305,4
DA:306,4
DA:307,4
DA:308,4
DA:309,4
DA:311,4
DA:320,4
DA:323,4
DA:324,8
DA:326,4
DA:327,4
DA:328,4
DA:331,8
DA:332,6
DA:333,6
DA:334,2
DA:335,4
DA:336,8
DA:337,4
DA:339,8
DA:341,4
DA:342,4
DA:343,4
DA:344,4
DA:352,4
DA:359,4
DA:363,8
LF:114
LH:114
end_of_record
SF:lib/shared/widgets/lava_studio_content.dart
DA:25,3
DA:27,3
DA:28,3
DA:34,3
DA:35,3
DA:36,9
DA:37,3
DA:38,20
DA:39,6
DA:40,9
DA:41,6
DA:43,12
DA:53,6
DA:54,6
DA:58,6
DA:59,6
DA:64,6
DA:65,6
DA:69,6
DA:70,9
DA:74,6
DA:75,9
DA:91,10
DA:119,3
DA:121,3
DA:122,6
DA:131,3
DA:133,6
DA:134,3
DA:137,1
DA:138,1
DA:139,1
DA:140,1
DA:144,2
DA:145,4
DA:146,4
DA:148,4
DA:152,2
DA:153,4
DA:154,4
DA:155,2
DA:158,4
DA:162,3
DA:164,6
DA:165,3
DA:166,3
DA:167,6
DA:168,3
DA:169,3
DA:171,3
DA:172,6
DA:173,3
DA:175,3
DA:176,3
DA:177,6
DA:178,3
DA:179,2
DA:181,2
DA:182,2
DA:183,4
DA:184,2
DA:187,3
DA:189,6
DA:192,9
DA:193,3
DA:201,3
DA:202,3
DA:204,3
DA:205,6
DA:207,3
DA:209,6
DA:212,3
DA:215,3
DA:216,3
DA:217,3
DA:218,3
DA:219,3
DA:220,3
DA:228,3
DA:229,3
DA:230,3
DA:232,3
DA:233,3
DA:235,3
DA:236,3
DA:242,12
DA:243,9
DA:244,9
DA:245,4
DA:247,6
DA:249,3
DA:250,3
DA:252,6
DA:253,9
DA:255,4
DA:260,3
DA:262,12
DA:265,2
DA:268,2
DA:269,6
DA:270,2
DA:271,2
DA:272,4
DA:273,2
DA:281,9
DA:282,3
DA:286,3
DA:287,6
DA:288,3
DA:290,3
DA:291,3
DA:292,3
DA:293,3
DA:294,3
DA:295,3
DA:299,3
DA:300,2
DA:302,8
DA:305,3
DA:306,6
DA:308,6
DA:310,9
DA:314,3
DA:315,6
DA:317,3
DA:320,3
DA:325,3
DA:326,3
DA:327,3
DA:329,8
DA:331,6
DA:334,5
DA:336,2
DA:340,2
DA:341,2
DA:342,2
DA:343,2
DA:350,9
DA:351,3
DA:356,3
DA:357,3
DA:358,3
DA:359,3
DA:360,3
DA:361,3
DA:362,3
DA:363,3
DA:365,3
DA:366,3
DA:367,18
DA:368,6
DA:370,3
DA:371,21
DA:372,3
DA:378,3
DA:379,3
DA:380,3
DA:381,3
DA:382,6
DA:386,3
DA:389,3
DA:390,9
DA:392,15
DA:394,12
DA:395,4
DA:400,3
DA:405,3
DA:408,3
DA:409,6
DA:410,3
DA:411,3
DA:412,3
DA:415,3
DA:419,3
DA:421,6
DA:423,3
DA:429,3
DA:430,3
DA:431,6
DA:434,2
DA:435,4
DA:436,4
DA:437,6
DA:449,3
DA:450,3
DA:451,6
DA:452,3
DA:454,3
DA:455,6
DA:457,6
DA:458,9
DA:459,3
DA:461,2
DA:462,6
DA:463,4
DA:465,9
DA:466,3
DA:468,2
DA:469,6
DA:470,4
DA:472,9
DA:473,3
DA:474,6
DA:475,9
DA:477,3
DA:480,6
DA:481,4
DA:487,3
DA:488,3
DA:490,3
DA:491,6
DA:493,3
DA:496,6
DA:499,3
DA:502,3
DA:503,3
DA:507,2
DA:509,3
DA:513,2
DA:527,2
DA:528,2
DA:529,4
DA:530,2
DA:531,8
DA:532,6
DA:533,6
DA:535,4
DA:537,10
DA:538,8
DA:539,4
DA:540,4
DA:541,4
DA:543,4
DA:546,8
DA:547,4
DA:548,14
DA:560,2
DA:566,2
DA:568,2
DA:569,2
DA:570,2
DA:571,8
DA:572,2
DA:574,2
DA:575,2
DA:577,2
DA:578,6
DA:579,4
DA:580,10
DA:581,6
DA:582,4
DA:587,2
DA:588,2
DA:589,2
DA:591,2
DA:593,2
DA:594,4
DA:595,2
DA:596,2
DA:599,4
DA:600,2
DA:601,2
DA:604,4
DA:605,2
DA:606,2
DA:614,2
DA:617,2
DA:618,2
DA:620,4
DA:621,2
DA:623,2
DA:625,4
DA:626,2
DA:628,2
DA:630,4
DA:631,2
DA:643,2
DA:649,2
DA:651,6
DA:652,14
DA:653,2
DA:655,2
DA:656,6
DA:658,6
DA:660,2
DA:662,2
DA:663,2
DA:665,2
DA:666,2
DA:667,6
DA:668,14
DA:669,2
DA:670,6
DA:674,6
DA:679,2
DA:680,2
DA:682,2
DA:683,2
DA:686,8
DA:687,2
DA:688,2
DA:689,2
DA:690,2
DA:697,12
DA:709,3
DA:714,3
DA:716,3
DA:717,6
DA:718,6
DA:719,6
DA:720,6
DA:721,6
DA:722,9
DA:723,3
DA:725,3
DA:727,3
DA:728,9
DA:730,3
DA:731,3
DA:733,3
DA:734,3
DA:735,3
DA:736,9
DA:737,3
DA:739,9
DA:745,3
DA:746,3
DA:748,3
DA:749,6
DA:750,3
DA:752,3
DA:754,3
DA:760,3
DA:761,9
DA:762,3
DA:763,3
DA:765,9
DA:773,3
DA:774,9
DA:781,2
DA:788,2
DA:790,8
DA:791,12
DA:792,2
DA:793,6
DA:794,12
DA:796,2
DA:799,4
DA:800,4
DA:802,2
DA:804,2
DA:805,6
DA:807,2
DA:811,3
DA:813,8
DA:814,2
DA:816,2
DA:821,2
DA:824,6
DA:825,2
DA:827,8
DA:828,2
DA:830,2
DA:831,2
DA:832,2
DA:833,4
DA:834,2
DA:838,10
DA:839,2
DA:848,3
DA:849,6
DA:850,6
DA:851,11
DA:859,2
DA:864,1
DA:866,2
DA:868,2
DA:869,1
DA:870,2
DA:871,2
DA:873,1
DA:874,1
DA:875,1
DA:876,1
DA:878,3
DA:879,2
DA:881,1
DA:882,3
DA:883,3
DA:885,1
DA:887,1
DA:888,1
DA:889,1
DA:890,4
DA:891,2
DA:892,1
DA:893,3
DA:894,3
DA:895,3
DA:896,3
DA:898,1
DA:901,2
DA:902,2
DA:905,3
DA:909,1
DA:910,2
DA:911,1
DA:912,4
DA:913,4
DA:915,4
DA:916,4
DA:918,1
DA:921,1
DA:923,6
DA:929,2
DA:930,2
DA:937,2
DA:939,4
DA:940,10
DA:941,8
DA:942,10
DA:944,2
DA:945,4
DA:946,4
DA:949,2
DA:950,2
DA:951,2
DA:952,2
DA:954,6
DA:955,4
DA:957,2
DA:959,2
DA:961,2
DA:965,2
DA:966,2
DA:967,2
DA:968,4
DA:969,2
DA:970,8
DA:971,6
DA:972,2
DA:973,10
DA:974,10
DA:975,10
DA:976,10
DA:978,4
DA:979,2
DA:983,1
DA:985,3
DA:986,3
DA:987,3
DA:993,3
DA:1007,3
DA:1009,3
DA:1010,3
DA:1011,3
DA:1012,6
DA:1013,3
DA:1014,6
DA:1016,3
DA:1017,3
DA:1018,3
DA:1019,3
DA:1026,3
DA:1032,2
DA:1038,2
DA:1040,2
DA:1042,2
DA:1044,2
DA:1045,10
DA:1047,2
DA:1049,2
DA:1050,2
DA:1052,6
DA:1062,2
DA:1068,2
DA:1070,2
DA:1072,2
DA:1073,2
DA:1076,2
DA:1077,2
DA:1078,2
DA:1082,8
DA:1089,3
DA:1099,3
DA:1101,3
DA:1102,3
DA:1104,3
DA:1105,3
DA:1107,3
DA:1109,3
DA:1110,3
DA:1111,8
DA:1112,3
DA:1116,3
DA:1117,3
DA:1118,3
DA:1119,3
DA:1121,3
DA:1123,3
DA:1124,3
DA:1126,3
DA:1128,9
DA:1140,3
DA:1147,3
DA:1149,3
DA:1150,3
DA:1151,3
DA:1152,3
DA:1153,6
DA:1157,18
DA:1163,3
DA:1169,3
DA:1171,3
DA:1173,3
DA:1174,6
DA:1175,3
DA:1176,9
DA:1178,3
DA:1179,3
DA:1180,12
DA:1187,3
DA:1203,3
DA:1204,3
DA:1210,3
DA:1213,6
DA:1215,3
DA:1216,3
DA:1218,6
DA:1219,6
DA:1221,3
DA:1222,4
DA:1223,4
DA:1225,3
DA:1226,6
DA:1228,3
DA:1233,3
DA:1234,3
DA:1235,3
DA:1237,6
DA:1242,3
DA:1244,3
DA:1245,3
DA:1246,6
DA:1247,6
DA:1249,9
DA:1253,3
DA:1254,6
DA:1260,12
DA:1265,6
LF:550
LH:550
end_of_record
SF:lib/shared/widgets/mobile_fallback_page.dart
DA:44,1
DA:50,1
DA:51,1
DA:61,4
DA:63,1
DA:65,1
DA:66,2
DA:67,2
DA:68,3
DA:69,5
DA:73,1
DA:75,1
DA:77,4
DA:79,2
DA:81,3
DA:84,1
DA:86,2
DA:87,2
DA:88,1
DA:91,1
DA:92,1
DA:93,1
DA:96,1
DA:97,1
DA:98,2
DA:101,1
DA:107,3
DA:108,1
DA:109,1
DA:110,1
DA:112,1
DA:113,1
DA:116,3
DA:120,1
DA:121,1
DA:126,1
DA:127,1
DA:130,1
DA:131,1
DA:138,2
DA:139,3
DA:143,1
DA:147,1
DA:152,2
DA:153,1
DA:155,1
DA:157,1
DA:158,1
DA:160,1
DA:165,1
DA:166,1
DA:167,1
DA:169,2
DA:170,2
DA:172,1
DA:173,3
DA:182,1
DA:183,1
DA:184,1
DA:185,1
DA:186,1
DA:187,1
DA:188,1
DA:189,1
DA:190,1
DA:191,1
DA:192,4
DA:193,2
DA:195,1
DA:197,1
DA:198,1
DA:199,1
DA:204,1
DA:206,1
DA:207,2
DA:211,1
DA:214,1
DA:215,1
DA:216,1
DA:219,1
DA:220,1
DA:221,1
DA:238,1
DA:252,1
DA:254,4
DA:255,4
DA:257,1
DA:260,1
DA:261,1
DA:266,1
DA:267,1
DA:268,1
DA:269,1
DA:270,1
DA:273,1
DA:274,1
DA:275,1
DA:276,1
DA:278,1
DA:282,2
DA:286,1
DA:288,1
DA:299,1
DA:303,1
DA:307,3
DA:310,1
DA:314,1
DA:315,4
DA:317,3
DA:320,1
DA:322,1
DA:325,1
DA:326,1
DA:327,1
DA:335,1
DA:336,2
DA:337,1
DA:340,1
DA:341,1
DA:342,1
DA:344,1
DA:346,1
DA:349,1
DA:357,1
DA:363,1
DA:367,1
DA:369,1
DA:371,1
DA:372,1
DA:373,1
DA:374,1
DA:376,1
DA:378,1
DA:379,1
DA:380,1
DA:381,1
DA:384,1
DA:386,1
DA:387,1
DA:394,1
DA:395,1
DA:397,1
DA:398,1
DA:400,1
DA:407,1
DA:409,1
DA:421,1
DA:423,1
DA:430,1
DA:431,1
DA:434,1
DA:436,1
DA:444,1
DA:445,3
DA:446,1
DA:452,1
DA:454,1
DA:467,1
DA:469,1
DA:471,1
DA:472,1
DA:475,1
DA:477,1
DA:489,1
DA:509,1
DA:511,1
DA:518,1
DA:519,1
DA:524,1
DA:525,1
DA:526,2
DA:530,1
DA:531,2
DA:532,2
DA:537,1
DA:542,1
DA:543,1
DA:544,2
DA:548,2
DA:552,1
DA:557,1
DA:558,1
DA:559,2
DA:567,1
DA:572,1
DA:573,1
DA:574,2
DA:578,2
DA:582,1
DA:587,1
DA:588,1
DA:591,2
DA:594,2
DA:598,1
DA:603,1
DA:608,1
DA:609,1
DA:610,2
DA:618,1
DA:623,1
DA:624,1
DA:625,2
DA:633,1
DA:638,1
DA:639,1
DA:640,2
DA:648,1
DA:653,1
DA:654,1
DA:655,2
DA:663,1
DA:668,1
DA:669,1
DA:670,2
DA:684,1
DA:700,1
DA:702,1
DA:703,1
DA:704,4
DA:705,2
DA:707,1
DA:708,1
DA:710,1
DA:711,1
DA:712,1
DA:713,1
DA:715,1
DA:718,1
DA:719,1
DA:721,1
DA:722,1
DA:723,1
DA:726,2
DA:728,1
DA:731,1
DA:732,1
DA:738,1
DA:740,1
DA:741,1
DA:742,1
DA:743,2
DA:746,1
DA:747,1
DA:748,1
DA:765,1
DA:769,1
DA:771,2
DA:774,1
DA:776,2
DA:777,1
DA:778,1
DA:779,2
DA:780,2
DA:781,1
DA:783,1
DA:785,1
DA:786,1
DA:788,1
DA:796,1
DA:800,1
DA:802,1
DA:833,1
DA:835,1
DA:836,1
DA:837,1
DA:838,1
DA:839,1
DA:841,1
DA:843,1
DA:844,1
DA:846,1
DA:848,1
DA:849,1
DA:851,1
DA:854,1
DA:856,1
DA:862,1
DA:863,1
DA:864,1
DA:865,3
DA:867,1
DA:869,1
DA:871,1
DA:876,1
DA:878,1
DA:879,3
DA:881,1
DA:883,1
DA:885,1
DA:902,1
DA:907,1
DA:909,1
DA:948,1
DA:950,1
DA:951,1
DA:952,1
DA:953,1
DA:955,1
DA:958,2
DA:959,1
DA:960,1
DA:961,4
DA:962,2
DA:964,1
DA:966,1
DA:967,1
DA:971,1
DA:974,1
DA:976,1
DA:984,1
DA:991,1
DA:1003,1
DA:1005,1
DA:1007,1
DA:1008,1
DA:1010,1
DA:1012,1
DA:1021,1
DA:1022,1
DA:1024,1
DA:1026,1
DA:1027,1
DA:1044,1
DA:1053,1
DA:1062,1
DA:1063,1
DA:1064,1
DA:1065,1
DA:1067,1
DA:1074,1
DA:1076,1
DA:1077,1
DA:1082,1
DA:1084,1
DA:1085,1
DA:1087,1
DA:1089,1
DA:1090,2
DA:1092,1
DA:1094,1
DA:1096,1
DA:1107,1
DA:1108,1
DA:1109,1
DA:1111,1
DA:1112,1
LF:346
LH:346
end_of_record
SF:lib/shared/widgets/pixel_wallpaper.dart
DA:22,2
DA:32,2
DA:36,2
DA:37,2
DA:51,2
DA:53,2
DA:54,4
DA:55,4
DA:56,2
DA:57,6
DA:60,1
DA:62,1
DA:63,4
DA:64,2
DA:65,1
DA:67,1
DA:72,2
DA:75,4
DA:76,8
DA:78,2
DA:79,1
DA:83,2
DA:84,3
DA:85,7
DA:89,2
DA:90,3
DA:91,2
DA:94,2
DA:95,2
DA:96,4
DA:97,4
DA:98,2
DA:99,2
DA:100,2
DA:101,6
DA:102,4
DA:103,8
DA:104,6
DA:111,2
DA:113,2
DA:114,4
DA:115,4
DA:116,2
DA:119,2
DA:121,2
DA:122,4
DA:123,3
DA:124,2
DA:125,2
DA:126,8
DA:138,2
DA:139,2
DA:148,2
DA:150,4
DA:151,4
DA:155,4
DA:156,14
DA:157,6
DA:163,4
DA:164,4
DA:165,10
DA:167,2
DA:168,2
DA:169,4
DA:170,4
DA:171,4
DA:174,6
DA:175,2
DA:176,10
DA:177,2
DA:182,1
DA:183,3
LF:72
LH:72
end_of_record
SF:lib/shared/widgets/project_stats_window_content.dart
DA:9,2
DA:17,2
DA:19,2
DA:20,2
DA:22,2
DA:24,1
DA:26,2
DA:28,2
DA:30,2
DA:31,2
DA:32,2
DA:33,2
DA:34,2
DA:41,2
DA:43,2
DA:44,2
DA:47,2
DA:48,2
DA:51,2
DA:54,2
DA:55,2
DA:56,2
DA:57,4
DA:58,2
DA:64,2
DA:65,2
DA:66,2
DA:76,2
DA:77,2
DA:78,2
DA:80,4
DA:81,6
DA:87,2
DA:88,2
DA:90,2
DA:105,1
DA:107,2
DA:109,2
DA:111,2
DA:112,2
DA:114,2
DA:148,1
DA:153,2
DA:155,2
DA:157,2
DA:158,2
DA:159,2
DA:160,2
DA:167,2
DA:171,10
DA:179,2
DA:184,2
DA:186,2
DA:188,2
DA:190,2
DA:191,4
DA:193,2
DA:194,2
DA:195,2
DA:196,2
DA:197,4
DA:198,2
DA:203,2
DA:204,2
DA:205,2
DA:219,1
DA:221,2
DA:223,2
DA:225,2
DA:227,2
DA:228,2
DA:229,2
DA:230,2
DA:237,2
DA:238,2
DA:239,2
DA:240,4
DA:241,4
DA:242,4
DA:246,2
DA:247,2
DA:248,2
DA:249,4
DA:250,4
DA:251,4
DA:260,2
DA:265,2
DA:267,2
DA:268,4
DA:273,2
DA:274,2
DA:275,4
DA:277,2
DA:279,2
DA:292,2
DA:293,2
DA:294,2
DA:301,2
DA:304,8
DA:314,2
DA:319,1
DA:321,1
DA:323,1
DA:325,1
DA:326,1
DA:328,1
DA:334,1
DA:335,1
DA:336,1
DA:337,1
DA:338,1
DA:339,2
DA:340,1
DA:347,1
DA:348,1
DA:349,1
DA:366,2
DA:371,2
DA:373,2
DA:375,2
DA:377,2
DA:378,2
DA:379,2
DA:380,2
DA:382,2
DA:383,2
DA:384,2
LF:127
LH:127
end_of_record
SF:lib/shared/widgets/skills_window_content.dart
DA:11,2
DA:13,2
DA:52,1
DA:56,1
DA:61,2
DA:63,2
DA:65,2
DA:66,2
DA:67,4
DA:68,2
DA:75,8
DA:82,2
DA:86,2
DA:88,2
DA:90,2
DA:91,2
DA:92,2
DA:95,2
DA:96,4
DA:99,6
DA:103,2
DA:105,2
DA:106,4
DA:107,2
DA:114,12
DA:116,2
DA:117,10
DA:118,2
DA:120,4
DA:130,2
DA:134,2
DA:136,2
DA:137,2
DA:138,2
DA:139,2
DA:140,2
DA:141,2
DA:142,2
DA:144,4
DA:145,4
LF:40
LH:40
end_of_record
SF:lib/shared/widgets/terminal_content.dart
DA:103,1
DA:105,2
DA:106,2
DA:113,2
DA:125,2
DA:127,2
DA:128,4
DA:134,4
DA:137,2
DA:139,4
DA:140,4
DA:141,4
DA:142,4
DA:143,2
DA:147,1
DA:148,1
DA:149,4
DA:150,1
DA:151,2
DA:153,2
DA:154,3
DA:155,2
DA:157,1
DA:159,1
DA:163,1
DA:165,1
DA:166,2
DA:168,1
DA:169,2
DA:170,1
DA:171,1
DA:172,1
DA:173,1
DA:175,2
DA:176,1
DA:177,2
DA:178,3
DA:181,2
DA:182,3
DA:185,1
DA:191,1
DA:192,1
DA:193,3
DA:194,2
DA:195,1
DA:198,1
DA:200,1
DA:202,1
DA:204,1
DA:205,1
DA:206,1
DA:207,2
DA:208,1
DA:210,1
DA:211,2
DA:212,1
DA:214,1
DA:215,3
DA:216,3
DA:217,1
DA:219,1
DA:220,3
DA:221,1
DA:223,1
DA:224,1
DA:225,1
DA:227,1
DA:229,1
DA:230,5
DA:231,7
DA:233,2
DA:234,1
DA:235,1
DA:236,2
DA:237,1
DA:238,1
DA:239,1
DA:240,2
DA:241,1
DA:243,1
DA:248,1
DA:249,2
DA:250,2
DA:252,2
DA:254,2
DA:255,4
DA:256,2
DA:257,4
DA:258,6
DA:259,1
DA:260,4
DA:261,4
DA:262,2
DA:263,3
DA:264,1
DA:268,2
DA:269,2
DA:272,1
DA:274,1
DA:280,4
DA:281,2
DA:282,4
DA:283,4
DA:284,6
DA:285,1
DA:286,4
DA:287,4
DA:288,2
DA:289,3
DA:290,1
DA:296,1
DA:297,1
DA:300,2
DA:301,1
DA:306,2
DA:307,2
DA:308,7
DA:309,5
DA:310,6
DA:316,2
DA:317,2
DA:318,2
DA:319,5
DA:320,6
DA:322,2
DA:323,2
DA:331,1
DA:332,3
DA:333,2
DA:334,2
DA:335,3
DA:343,2
DA:345,2
DA:346,3
DA:348,2
DA:351,2
DA:353,2
DA:354,2
DA:355,2
DA:356,2
DA:358,4
DA:359,2
DA:360,4
DA:364,4
DA:365,6
DA:366,2
DA:368,6
DA:376,2
DA:377,2
DA:378,2
DA:379,2
DA:380,2
DA:382,2
DA:388,2
DA:389,2
DA:390,2
DA:391,2
DA:393,2
DA:404,2
DA:411,1
DA:412,2
DA:413,6
LF:162
LH:162
end_of_record
SF:lib/shared/widgets/spotlight_overlay.dart
DA:15,1
DA:26,1
DA:27,1
DA:35,1
DA:37,1
DA:38,4
DA:39,3
DA:40,2
DA:43,1
DA:45,2
DA:46,2
DA:47,2
DA:48,1
DA:51,1
DA:52,3
DA:53,2
DA:55,2
DA:56,5
DA:57,1
DA:62,1
DA:63,1
DA:65,2
DA:66,3
DA:69,2
DA:70,2
DA:71,2
DA:73,4
DA:77,2
DA:78,2
DA:79,2
DA:81,4
DA:85,2
DA:86,2
DA:87,5
DA:93,1
DA:95,1
DA:96,1
DA:98,1
DA:99,1
DA:100,2
DA:102,2
DA:106,1
DA:110,1
DA:111,1
DA:112,1
DA:113,1
DA:118,1
DA:120,1
DA:121,1
DA:122,1
DA:123,1
DA:124,1
DA:130,1
DA:132,1
DA:134,1
DA:139,1
DA:140,1
DA:141,1
DA:146,2
DA:149,1
DA:150,1
DA:151,1
DA:152,1
DA:154,1
DA:158,1
DA:160,1
DA:176,1
DA:177,1
DA:178,1
DA:179,1
DA:180,1
DA:183,1
DA:184,1
DA:185,1
DA:186,1
DA:187,1
DA:191,1
DA:192,1
DA:193,1
DA:194,1
DA:195,2
DA:197,1
DA:198,4
DA:220,1
DA:231,1
DA:233,1
DA:234,1
DA:235,1
DA:241,1
DA:242,1
DA:244,1
DA:245,1
DA:246,1
DA:249,1
DA:250,3
DA:251,2
DA:255,1
DA:256,2
DA:257,1
DA:259,1
DA:260,1
DA:272,1
LF:102
LH:102
end_of_record
SF:lib/shared/widgets/desktop_icon.dart
DA:9,1
DA:22,1
DA:23,1
DA:29,1
DA:31,1
DA:32,4
DA:33,4
DA:34,1
DA:35,2
DA:36,1
DA:39,1
DA:41,1
DA:42,1
DA:44,1
DA:45,1
DA:48,1
DA:50,1
DA:52,1
DA:53,1
DA:56,1
DA:57,2
DA:60,3
DA:64,1
DA:66,1
DA:67,2
DA:68,1
LF:26
LH:26
end_of_record
SF:lib/shared/widgets/android_dev_window_content.dart
DA:11,1
DA:13,1
DA:15,1
DA:17,1
DA:19,1
DA:21,1
DA:22,1
DA:23,1
DA:24,1
DA:26,1
DA:35,1
DA:36,1
DA:38,1
DA:39,1
DA:40,1
DA:41,1
DA:47,1
DA:48,1
DA:49,1
DA:60,1
DA:61,1
DA:62,1
DA:68,1
DA:69,1
DA:79,1
DA:80,1
DA:90,1
DA:91,1
DA:106,1
DA:111,1
DA:113,1
DA:115,1
DA:116,1
DA:117,1
DA:118,1
DA:125,1
DA:128,5
DA:136,1
DA:140,1
DA:142,1
DA:144,1
DA:146,1
DA:147,2
DA:149,1
DA:150,1
DA:151,1
LF:46
LH:46
end_of_record
SF:lib/shared/widgets/flutter_dev_window_content.dart
DA:11,1
DA:13,1
DA:15,1
DA:17,1
DA:19,1
DA:20,1
DA:21,1
DA:22,1
DA:24,1
DA:33,1
DA:34,1
DA:36,1
DA:37,1
DA:39,1
DA:45,1
DA:47,1
DA:58,1
DA:60,1
DA:105,1
DA:110,1
DA:112,1
DA:114,1
DA:115,1
DA:116,1
DA:117,1
DA:124,1
DA:127,5
DA:135,1
DA:139,1
DA:141,1
DA:143,1
DA:145,1
DA:146,2
DA:148,1
DA:149,1
DA:150,1
LF:36
LH:36
end_of_record
SF:lib/shared/widgets/wasm_diagnostics_content.dart
DA:13,1
DA:17,1
DA:18,1
DA:35,2
DA:44,5
DA:51,1
DA:53,1
DA:56,2
DA:57,2
DA:58,1
DA:59,1
DA:62,1
DA:63,1
DA:66,2
DA:67,2
DA:69,1
DA:72,2
DA:73,2
DA:75,1
DA:77,1
DA:81,1
DA:83,1
DA:85,1
DA:88,1
DA:89,2
DA:90,3
DA:91,1
DA:94,3
DA:97,3
DA:98,2
DA:99,2
DA:101,2
DA:103,4
DA:104,3
DA:105,2
DA:108,3
DA:109,1
DA:110,4
DA:112,5
DA:115,1
DA:116,1
DA:117,1
DA:118,3
DA:122,2
DA:125,4
DA:129,2
DA:130,3
DA:131,1
DA:132,1
DA:133,1
DA:136,6
DA:137,3
DA:138,1
DA:143,2
DA:144,3
DA:149,1
DA:150,1
DA:151,1
DA:152,2
DA:153,2
DA:154,1
DA:155,1
DA:156,2
DA:161,1
DA:162,1
DA:163,1
DA:164,1
DA:165,1
DA:166,1
DA:167,1
DA:168,1
DA:169,1
DA:170,1
DA:171,1
DA:172,1
DA:173,1
DA:178,3
DA:179,2
DA:183,1
DA:186,3
DA:189,1
DA:190,1
DA:192,12
DA:193,3
DA:196,3
DA:197,2
DA:201,3
DA:202,2
DA:203,2
DA:204,3
DA:212,1
DA:213,5
DA:215,2
DA:216,3
DA:217,1
DA:221,1
DA:222,5
DA:226,1
DA:229,1
DA:230,3
DA:231,3
DA:235,2
DA:236,1
DA:237,2
DA:238,1
DA:244,1
DA:245,1
DA:247,2
DA:248,1
DA:251,1
DA:253,2
DA:254,1
DA:255,1
DA:257,2
DA:258,1
DA:259,1
DA:260,2
DA:261,1
DA:263,1
DA:268,1
DA:269,3
DA:270,1
DA:273,1
DA:274,1
DA:277,1
DA:278,1
DA:280,1
DA:293,1
DA:295,2
DA:296,2
DA:297,1
DA:300,1
DA:303,2
DA:304,2
DA:305,2
DA:307,1
DA:309,2
DA:312,1
DA:315,1
DA:317,1
DA:319,1
DA:320,1
DA:321,1
DA:323,2
DA:325,4
DA:331,1
DA:333,3
DA:334,2
DA:338,1
DA:340,3
DA:341,2
DA:345,1
DA:348,5
DA:349,2
DA:351,2
DA:358,1
DA:360,1
DA:361,1
DA:363,1
DA:364,1
DA:367,1
DA:369,1
DA:370,1
DA:372,1
DA:373,1
DA:375,1
DA:381,1
DA:382,4
DA:383,1
DA:391,1
DA:392,1
DA:393,1
DA:394,1
DA:395,1
DA:410,1
DA:411,1
DA:412,1
DA:413,2
DA:415,1
DA:416,1
DA:420,1
DA:424,1
DA:425,1
DA:427,1
DA:438,1
DA:439,2
DA:442,1
DA:445,1
DA:446,1
DA:448,1
DA:460,1
DA:462,1
DA:463,1
DA:464,3
DA:465,1
DA:474,1
DA:476,1
DA:477,1
DA:478,3
DA:479,1
DA:492,1
DA:494,1
DA:495,1
DA:497,1
DA:498,1
DA:501,1
DA:503,1
DA:504,1
DA:505,1
DA:512,1
DA:514,1
DA:521,1
DA:523,1
DA:531,1
DA:532,1
DA:533,1
DA:534,2
DA:535,1
DA:536,1
DA:540,1
DA:541,2
DA:542,1
DA:562,1
DA:576,1
DA:578,1
DA:579,1
DA:584,1
DA:586,1
DA:587,1
DA:588,1
DA:589,1
DA:592,1
DA:593,1
DA:594,1
DA:596,1
DA:597,2
DA:599,1
DA:600,2
DA:601,1
DA:610,1
DA:611,1
DA:612,1
DA:613,1
DA:626,1
DA:636,1
DA:638,1
DA:639,4
DA:640,1
DA:642,1
DA:644,1
DA:645,1
DA:646,1
DA:647,1
DA:654,1
DA:657,1
DA:658,1
DA:659,1
DA:660,1
DA:662,1
DA:663,1
DA:664,1
DA:666,1
DA:668,1
DA:688,1
DA:698,1
DA:700,1
DA:701,1
DA:705,1
DA:706,2
DA:707,1
DA:710,2
DA:711,3
DA:712,4
DA:713,2
DA:714,3
DA:720,1
DA:721,2
DA:722,1
DA:723,1
DA:725,5
DA:726,3
DA:729,1
DA:730,1
DA:731,3
DA:732,1
DA:733,1
DA:740,1
DA:741,1
DA:743,7
DA:748,1
DA:749,1
DA:750,1
DA:751,1
DA:752,1
DA:755,1
DA:756,1
DA:757,2
DA:760,1
DA:761,1
DA:762,1
DA:764,2
DA:766,1
DA:767,1
DA:769,2
DA:770,4
DA:771,2
DA:772,1
DA:773,2
DA:774,4
DA:777,4
DA:778,1
DA:779,4
DA:781,4
DA:782,1
DA:783,3
DA:784,1
DA:785,1
DA:788,1
DA:789,1
DA:791,1
DA:792,1
DA:796,1
LF:322
LH:322
end_of_record
SF:lib/shared/widgets/rubber_band_selection.dart
DA:9,1
DA:21,1
DA:23,3
DA:24,1
DA:25,1
DA:26,1
DA:27,1
DA:28,1
DA:29,1
DA:30,1
DA:31,1
DA:32,1
DA:33,1
DA:34,1
LF:14
LH:14
end_of_record
